 [2022-10-27 20:57:19.070][PID:1980640912][TID:1980620560][DEBUG][-test.cpp][main:  11]12313123
 [2022-10-27 20:57:31.224][PID:1980640912][TID:1980620560][DEBUG][-test.cpp][main:  11]12313123
 [2022-10-28 21:25:25.641][PID:1985818256][TID:1985797904][INFO][-test.cpp][func:  16]enter
[2022-10-28 21:25:25.786][PID:1985818256][TID:1985797904][INFO][-test.cpp][func:  19]g_num = 1
[2022-10-28 21:25:25.872][PID:1985818256][TID:1985797904][INFO][-test.cpp][func:  20]exit
 [2022-10-28 21:25:30.220][PID:1985818256][TID:1985797904][INFO][-test.cpp][func:  16]enter
[2022-10-28 21:25:30.559][PID:1985818256][TID:1985797904][INFO][-test.cpp][func:  19]g_num = 1
[2022-10-28 21:25:30.612][PID:1985818256][TID:1985797904][INFO][-test.cpp][func:  20]exit
p[2022-10-28 21:25:41.143][PID:1985818256][TID:1985797904][INFO][-test.cpp][func:  16][PID:1985818256][TID:1985797904][INFO][-test.cpp][func:  16]enter
enter
[2022-10-28 21:25:41.291][PID:1985818256][TID:1985797904][INFO][-test.cpp][func:  19]g_num = 1
 [2022-10-28 21:25:45.425][2022-10-28 21:25:45.425][PID:1985818256][TID:1985797904][INFO][-test.cpp][func:  16][PID:1985818256][TID:1985797904][INFO][-test.cpp][func:  16]enter
enter
[2022-10-28 21:25:45.558][2022-10-28 21:25:45.558][PID:1985818256][TID:1985797904][INFO][-test.cpp][func:  19][PID:1985818256][TID:1985797904][INFO][-test.cpp][func:  19]g_num = 1
g_num = 2
 [2022-10-31 09:10:18.676][PID:1963536016][TID:1963515664][INFO][-test.cpp][func:  18]enter
[2022-10-31 09:10:18.846][PID:1963536016][TID:1963515664][INFO][-test.cpp][func:  18]enter
[2022-10-31 09:10:18.895][PID:1963536016][TID:1963515664][INFO][-test.cpp][func:  18]enter
[2022-10-31 09:10:18.935][PID:1963536016][TID:1963515664][INFO][-test.cpp][func:  18]enter
[2022-10-31 09:10:18.984][PID:1963536016][TID:1963515664][INFO][-test.cpp][func:  18]enter
[2022-10-31 09:10:19.024][PID:1963536016][TID:1963515664][INFO][-test.cpp][func:  21]g_num = 1
[2022-10-31 09:10:19.072][PID:1963536016][TID:1963515664][INFO][-test.cpp][func:  21]g_num = 2
[2022-10-31 09:10:19.112][PID:1963536016][TID:1963515664][INFO][-test.cpp][func:  21]g_num = 3
[2022-10-31 09:10:19.164][PID:1963536016][TID:1963515664][INFO][-test.cpp][func:  21]g_num = 4
[2022-10-31 09:10:19.200][PID:1963536016][TID:1963515664][INFO][-test.cpp][func:  22]exit
[2022-10-31 09:10:19.249][PID:1963536016][TID:1963515664][INFO][-test.cpp][func:  21]g_num = 5
[2022-10-31 09:10:19.290][PID:1963536016][TID:1963515664][INFO][-test.cpp][func:  22]exit
[2022-10-31 09:10:19.338][PID:1963536016][TID:1963515664][INFO][-test.cpp][func:  22]exit
[2022-10-31 09:10:19.378][PID:1963536016][TID:1963515664][INFO][-test.cpp][func:  22]exit
[2022-10-31 09:10:19.426][PID:1963536016][TID:1963515664][INFO][-test.cpp][func:  22]exit
 [2022-10-31 09:10:29.813][PID:1963536016][TID:1963515664][INFO][-test.cpp][func:  18]enter
[2022-10-31 09:10:29.920][PID:1963536016][TID:1963515664][INFO][-test.cpp][func:  18]enter
[2022-10-31 09:10:29.961][PID:1963536016][TID:1963515664][INFO][-test.cpp][func:  18]enter
[2022-10-31 09:10:30.009][PID:1963536016][TID:1963515664][INFO][-test.cpp][func:  18]enter
[2022-10-31 09:10:30.049][PID:1963536016][TID:1963515664][INFO][-test.cpp][func:  18]enter
[2022-10-31 09:10:30.108][PID:1963536016][TID:1963515664][INFO][-test.cpp][func:  21]g_num = 1
[2022-10-31 09:10:30.222][PID:1963536016][TID:1963515664][INFO][-test.cpp][func:  22]exit
[2022-10-31 09:10:30.430][PID:1963536016][TID:1963515664][INFO][-test.cpp][func:  21]g_num = 3
[2022-10-31 09:10:30.471][PID:1963536016][TID:1963515664][INFO][-test.cpp][func:  21]g_num = 4
[2022-10-31 09:10:30.535][PID:1963536016][TID:1963515664][INFO][-test.cpp][func:  22]exit
[2022-10-31 09:10:30.582][PID:1963536016][TID:1963515664][INFO][-test.cpp][func:  21]g_num = 2
[2022-10-31 09:10:30.629][PID:1963536016][TID:1963515664][INFO][-test.cpp][func:  22]exit
[2022-10-31 09:10:30.669][PID:1963536016][TID:1963515664][INFO][-test.cpp][func:  21]g_num = 5
[2022-10-31 09:10:30.719][PID:1963536016][TID:1963515664][INFO][-test.cpp][func:  22]exit
[2022-10-31 09:10:30.758][PID:1963536016][TID:1963515664][INFO][-test.cpp][func:  22]exit
 [2022-10-31 09:10:33.905][PID:1963536016][TID:1963515664][INFO][-test.cpp][func:  18]enter
[2022-10-31 09:10:34.059][PID:1963536016][TID:1963515664][INFO][-test.cpp][func:  18]enter
[2022-10-31 09:10:34.100][PID:1963536016][TID:1963515664][INFO][-test.cpp][func:  18]enter
[2022-10-31 09:10:34.176][PID:1963536016][TID:1963515664][INFO][-test.cpp][func:  18]enter
[2022-10-31 09:10:34.234][PID:1963536016][TID:1963515664][INFO][-test.cpp][func:  18]enter
[2022-10-31 09:10:34.278][PID:1963536016][TID:1963515664][INFO][-test.cpp][func:  21]g_num = 1
[2022-10-31 09:10:34.322][PID:1963536016][TID:1963515664][INFO][-test.cpp][func:  21]g_num = 2
[2022-10-31 09:10:34.367][PID:1963536016][TID:1963515664][INFO][-test.cpp][func:  22]exit
[2022-10-31 09:10:34.411][PID:1963536016][TID:1963515664][INFO][-test.cpp][func:  21]g_num = 4
[2022-10-31 09:10:34.455][PID:1963536016][TID:1963515664][INFO][-test.cpp][func:  22]exit
[2022-10-31 09:10:34.500][PID:1963536016][TID:1963515664][INFO][-test.cpp][func:  21]g_num = 5
[2022-10-31 09:10:34.545][PID:1963536016][TID:1963515664][INFO][-test.cpp][func:  21]g_num = 3
[2022-10-31 09:10:34.587][PID:1963536016][TID:1963515664][INFO][-test.cpp][func:  22]exit
[2022-10-31 09:10:34.632][PID:1963536016][TID:1963515664][INFO][-test.cpp][func:  22]exit
[2022-10-31 09:10:34.677][PID:1963536016][TID:1963515664][INFO][-test.cpp][func:  22]exit
